2025-11-14 07:49:58, MOVE, v:1, k:poo@array, mode:PICK
2025-11-14 07:49:59, EXEC, v:1, k:poo@array, mode:LOCK, rate:100
2025-11-14 07:50:02, MOVE, v:1, k:poo@array, mode:BACK
2025-11-14 08:56:00, MOVE, v:1, k:poo@junkfood, mode:PICK
2025-11-14 08:56:05, EXEC, v:1, k:poo@junkfood, mode:FULL, rate:0
2025-11-14 08:57:46, EXEC, v:1, k:poo@junkfood, mode:FULL, rate:0, size:64
2025-11-14 08:58:09, EXEC, v:1, k:poo@junkfood, mode:FULL, rate:0, size:64
2025-11-14 08:58:20, EXEC, v:1, k:poo@junkfood, mode:FULL, rate:0, size:64
2025-11-14 08:59:36, EXEC, v:1, k:poo@junkfood, mode:FULL, rate:0, size:64
2025-11-14 09:00:04, EXEC, v:1, k:poo@junkfood, mode:FULL, rate:0, size:64
2025-11-14 09:00:26, EXEC, v:1, k:poo@junkfood, mode:FULL, rate:0, size:64
2025-11-14 09:01:02, EXEC, v:1, k:poo@junkfood, mode:FULL, rate:0, size:64
2025-11-14 09:03:17, EXEC, v:1, k:poo@junkfood, mode:FULL, rate:0, size:67
2025-11-14 09:03:43, EXEC, v:1, k:poo@junkfood, mode:FULL, rate:0, size:67
2025-11-14 09:03:59, EXEC, v:1, k:poo@junkfood, mode:FULL, rate:0, size:67
2025-11-14 09:06:43, EXEC, v:1, k:poo@junkfood, mode:FULL, rate:0, size:67
2025-11-14 09:06:52, EXEC, v:1, k:poo@junkfood, mode:FULL, rate:10, size:67
2025-11-14 09:16:33, EXEC, v:1, k:poo@junkfood, mode:FULL, rate:10, size:81
2025-11-14 09:19:32, MOVE, v:1, k:poo@junkfood, mode:PICK
2025-11-14 09:19:35, EXEC, v:1, k:poo@junkfood, mode:FULL, rate:0, size:81
2025-11-14 09:19:55, EXEC, v:1, k:poo@junkfood, mode:FULL, rate:0
2025-11-14 09:20:49, EXEC, v:1, k:poo@junkfood, mode:FULL, rate:0, size:81
2025-11-14 09:22:17, EXEC, v:1, k:poo@junkfood, mode:FULL, rate:20, size:81
2025-11-14 09:22:30, MOVE, v:1, k:poo@junkfood, mode:BACK
2025-11-14 09:32:30, MOVE, v:1, k:poo@junkfood, mode:PICK
2025-11-14 09:32:31, EXEC, v:1, k:poo@junkfood, mode:FULL, rate:20, size:91
2025-11-14 09:35:08, EXEC, v:1, k:poo@junkfood, mode:FULL, rate:20, size:91
2025-11-14 09:36:55, EXEC, v:1, k:poo@junkfood, mode:FULL, rate:20, size:90
2025-11-14 09:38:06, EXEC, v:1, k:poo@junkfood, mode:FULL, rate:20, size:90
2025-11-14 09:39:02, EXEC, v:1, k:poo@junkfood, mode:FULL, rate:20, size:93
2025-11-14 09:39:41, EXEC, v:1, k:poo@junkfood, mode:FULL, rate:20, size:94
2025-11-14 09:40:20, EXEC, v:1, k:poo@junkfood, mode:FULL, rate:30, size:93
2025-11-14 09:42:49, EXEC, v:1, k:poo@junkfood, mode:FULL, rate:40, size:100
2025-11-14 10:08:17, EXEC, v:1, k:poo@junkfood, mode:FULL, rate:40, size:107
2025-11-14 10:09:10, EXEC, v:1, k:poo@junkfood, mode:FULL, rate:40, size:107
2025-11-14 10:10:16, EXEC, v:1, k:poo@junkfood, mode:FULL, rate:40, size:108
2025-11-14 10:11:35, EXEC, v:1, k:poo@junkfood, mode:FULL, rate:40, size:108
2025-11-14 10:12:27, EXEC, v:1, k:poo@junkfood, mode:FULL, rate:40, size:108
2025-11-14 10:12:40, EXEC, v:1, k:poo@junkfood, mode:FULL, rate:50, size:108
2025-11-14 10:23:30, MOVE, v:1, k:poo@junkfood, mode:BACK
2025-11-14 10:23:33, MOVE, v:1, k:poo@junkfood, mode:PICK
2025-11-14 10:24:19, EXEC, v:1, k:poo@junkfood, mode:FULL, rate:50, size:132
2025-11-14 10:24:57, EXEC, v:1, k:poo@junkfood, mode:FULL, rate:50, size:132
2025-11-14 10:26:31, EXEC, v:1, k:poo@junkfood, mode:FULL, rate:50, size:133
2025-11-14 10:27:07, EXEC, v:1, k:poo@junkfood, mode:FULL, rate:100, size:133
2025-11-14 10:27:11, MOVE, v:1, k:poo@junkfood, mode:BACK
2025-11-14 10:27:53, SELF, v:1, k:poo@junkfood, rate:100, human:sim_aula_do_monitor_explicando_youtube, guide:sim_, alone:9, study:180
