2025-11-06 10:14:54, MOVE, v:1, k:poo@cinema, mode:PICK
2025-11-06 10:14:56, EXEC, v:1, k:poo@cinema, mode:FULL, rate:0, size:0
2025-11-06 10:50:37, EXEC, v:1, k:poo@cinema, mode:FULL, rate:0, size:30
2025-11-06 10:50:40, EXEC, v:1, k:poo@cinema, mode:FREE
2025-11-06 10:51:03, EXEC, v:1, k:poo@cinema, mode:FULL, rate:0, size:31
2025-11-06 10:51:03, EXEC, v:1, k:poo@cinema, mode:FREE, size:31
2025-11-06 10:54:57, MOVE, v:1, k:poo@cinema, mode:BACK
2025-11-06 10:57:39, MOVE, v:1, k:poo@cinema, mode:PICK
2025-11-06 10:57:41, EXEC, v:1, k:poo@cinema, mode:FULL, rate:0, size:31
2025-11-06 10:58:08, EXEC, v:1, k:poo@cinema, mode:FREE
2025-11-06 11:12:40, MOVE, v:1, k:poo@cinema, mode:BACK
2025-11-06 11:12:44, MOVE, v:1, k:poo@cinema, mode:PICK
2025-11-06 11:12:47, EXEC, v:1, k:poo@cinema, mode:FULL, rate:0, size:20
2025-11-06 11:14:12, EXEC, v:1, k:poo@cinema, mode:FULL, rate:0, size:34
2025-11-06 11:14:43, MOVE, v:1, k:poo@cinema, mode:PICK
2025-11-06 11:14:45, EXEC, v:1, k:poo@cinema, mode:FULL, rate:0, size:30
2025-11-06 11:15:27, EXEC, v:1, k:poo@cinema, mode:FULL, rate:0, size:30
2025-11-06 11:16:30, EXEC, v:1, k:poo@cinema, mode:FULL, rate:0, size:33
2025-11-06 11:16:41, EXEC, v:1, k:poo@cinema, mode:FULL, rate:0, size:36
2025-11-06 11:17:06, EXEC, v:1, k:poo@cinema, mode:FULL, rate:11, size:36
2025-11-06 11:18:44, EXEC, v:1, k:poo@cinema, mode:FULL, rate:33, size:40
2025-11-06 11:19:45, MOVE, v:1, k:poo@cinema, mode:BACK
